[debug] [2023-09-15T18:37:45.329Z] ----------------------------------------------------------------------
[debug] [2023-09-15T18:37:45.332Z] Command:       C:\Program Files\nodejs\node.exe C:\Users\Jamil\AppData\Roaming\npm\node_modules\firebase-tools\lib\bin\firebase.js init
[debug] [2023-09-15T18:37:45.332Z] CLI Version:   12.5.4
[debug] [2023-09-15T18:37:45.333Z] Platform:      win32
[debug] [2023-09-15T18:37:45.333Z] Node Version:  v18.15.0
[debug] [2023-09-15T18:37:45.334Z] Time:          Sat Sep 16 2023 00:37:45 GMT+0600 (Bangladesh Standard Time)
[debug] [2023-09-15T18:37:45.334Z] ----------------------------------------------------------------------
[debug] 
[debug] [2023-09-15T18:37:45.346Z] > command requires scopes: ["email","openid","https://www.googleapis.com/auth/cloudplatformprojects.readonly","https://www.googleapis.com/auth/firebase","https://www.googleapis.com/auth/cloud-platform"]
[debug] [2023-09-15T18:37:45.346Z] > authorizing via signed-in user (jshikder116@gmail.com)
[info] 
     ######## #### ########  ######## ########     ###     ######  ########
     ##        ##  ##     ## ##       ##     ##  ##   ##  ##       ##
     ######    ##  ########  ######   ########  #########  ######  ######
     ##        ##  ##    ##  ##       ##     ## ##     ##       ## ##
     ##       #### ##     ## ######## ########  ##     ##  ######  ########

You're about to initialize a Firebase project in this directory:

  E:\Arif Vai\React-Reloaded\rajseba

[info] 
=== Project Setup
[info] 
[info] First, let's associate this project directory with a Firebase project.
[info] You can create multiple project aliases by running firebase use --add, 
[info] but for now we'll just set up a default project.
[info] 
[info] i  If you want to create a project in a Google Cloud organization or folder, please use "firebase projects:create" instead, and return to this command when you've created the project. 
[debug] [2023-09-15T18:38:42.664Z] >>> [apiv2][query] POST https://cloudresourcemanager.googleapis.com/v1/projects [none]
[debug] [2023-09-15T18:38:42.665Z] >>> [apiv2][body] POST https://cloudresourcemanager.googleapis.com/v1/projects {"projectId":"rajseba","name":"Rajseba"}
[debug] [2023-09-15T18:38:44.572Z] <<< [apiv2][status] POST https://cloudresourcemanager.googleapis.com/v1/projects 200
[debug] [2023-09-15T18:38:44.572Z] <<< [apiv2][body] POST https://cloudresourcemanager.googleapis.com/v1/projects {"name":"operations/cp.6257617862252828610"}
[debug] [2023-09-15T18:38:44.573Z] >>> [apiv2][query] GET https://cloudresourcemanager.googleapis.com/v1/operations/cp.6257617862252828610 [none]
[debug] [2023-09-15T18:38:46.091Z] <<< [apiv2][status] GET https://cloudresourcemanager.googleapis.com/v1/operations/cp.6257617862252828610 200
[debug] [2023-09-15T18:38:46.091Z] <<< [apiv2][body] GET https://cloudresourcemanager.googleapis.com/v1/operations/cp.6257617862252828610 {"name":"operations/cp.6257617862252828610"}
[debug] [2023-09-15T18:38:46.591Z] [Project Creation Poller] Retrying task index 0
[debug] [2023-09-15T18:38:46.592Z] >>> [apiv2][query] GET https://cloudresourcemanager.googleapis.com/v1/operations/cp.6257617862252828610 [none]
[debug] [2023-09-15T18:38:48.123Z] <<< [apiv2][status] GET https://cloudresourcemanager.googleapis.com/v1/operations/cp.6257617862252828610 200
[debug] [2023-09-15T18:38:48.123Z] <<< [apiv2][body] GET https://cloudresourcemanager.googleapis.com/v1/operations/cp.6257617862252828610 {"name":"operations/cp.6257617862252828610","metadata":{"@type":"type.googleapis.com/google.cloudresourcemanager.v1.ProjectCreationStatus","gettable":true}}
[debug] [2023-09-15T18:38:49.124Z] [Project Creation Poller] Retrying task index 0
[debug] [2023-09-15T18:38:49.125Z] >>> [apiv2][query] GET https://cloudresourcemanager.googleapis.com/v1/operations/cp.6257617862252828610 [none]
[debug] [2023-09-15T18:38:50.675Z] <<< [apiv2][status] GET https://cloudresourcemanager.googleapis.com/v1/operations/cp.6257617862252828610 200
[debug] [2023-09-15T18:38:50.675Z] <<< [apiv2][body] GET https://cloudresourcemanager.googleapis.com/v1/operations/cp.6257617862252828610 {"name":"operations/cp.6257617862252828610","metadata":{"@type":"type.googleapis.com/google.cloudresourcemanager.v1.ProjectCreationStatus","gettable":true,"ready":true},"done":true,"response":{"@type":"type.googleapis.com/google.cloudresourcemanager.v1.Project","projectNumber":"8216042758","projectId":"rajseba","lifecycleState":"ACTIVE","name":"Rajseba","createTime":"2023-09-15T18:38:46.354Z"}}
[debug] [2023-09-15T18:38:50.677Z] >>> [apiv2][query] POST https://firebase.googleapis.com/v1beta1/projects/rajseba:addFirebase [none]
[debug] [2023-09-15T18:38:54.138Z] <<< [apiv2][status] POST https://firebase.googleapis.com/v1beta1/projects/rajseba:addFirebase 200
[debug] [2023-09-15T18:38:54.138Z] <<< [apiv2][body] POST https://firebase.googleapis.com/v1beta1/projects/rajseba:addFirebase {"name":"operations/workflows/MWUyNWFjNjAtODA5Ni00NmEzLTk5Y2EtNmVkMjBkNjFhNzdh"}
[debug] [2023-09-15T18:38:54.139Z] >>> [apiv2][query] GET https://firebase.googleapis.com/v1beta1/operations/workflows/MWUyNWFjNjAtODA5Ni00NmEzLTk5Y2EtNmVkMjBkNjFhNzdh [none]
[debug] [2023-09-15T18:38:55.490Z] <<< [apiv2][status] GET https://firebase.googleapis.com/v1beta1/operations/workflows/MWUyNWFjNjAtODA5Ni00NmEzLTk5Y2EtNmVkMjBkNjFhNzdh 200
[debug] [2023-09-15T18:38:55.490Z] <<< [apiv2][body] GET https://firebase.googleapis.com/v1beta1/operations/workflows/MWUyNWFjNjAtODA5Ni00NmEzLTk5Y2EtNmVkMjBkNjFhNzdh {"name":"operations/workflows/MWUyNWFjNjAtODA5Ni00NmEzLTk5Y2EtNmVkMjBkNjFhNzdh"}
[debug] [2023-09-15T18:38:55.990Z] [Add Firebase Poller] Retrying task index 0
[debug] [2023-09-15T18:38:55.991Z] >>> [apiv2][query] GET https://firebase.googleapis.com/v1beta1/operations/workflows/MWUyNWFjNjAtODA5Ni00NmEzLTk5Y2EtNmVkMjBkNjFhNzdh [none]
[debug] [2023-09-15T18:38:57.076Z] <<< [apiv2][status] GET https://firebase.googleapis.com/v1beta1/operations/workflows/MWUyNWFjNjAtODA5Ni00NmEzLTk5Y2EtNmVkMjBkNjFhNzdh 200
[debug] [2023-09-15T18:38:57.076Z] <<< [apiv2][body] GET https://firebase.googleapis.com/v1beta1/operations/workflows/MWUyNWFjNjAtODA5Ni00NmEzLTk5Y2EtNmVkMjBkNjFhNzdh {"name":"operations/workflows/MWUyNWFjNjAtODA5Ni00NmEzLTk5Y2EtNmVkMjBkNjFhNzdh"}
[debug] [2023-09-15T18:38:58.076Z] [Add Firebase Poller] Retrying task index 0
[debug] [2023-09-15T18:38:58.077Z] >>> [apiv2][query] GET https://firebase.googleapis.com/v1beta1/operations/workflows/MWUyNWFjNjAtODA5Ni00NmEzLTk5Y2EtNmVkMjBkNjFhNzdh [none]
[debug] [2023-09-15T18:38:59.476Z] <<< [apiv2][status] GET https://firebase.googleapis.com/v1beta1/operations/workflows/MWUyNWFjNjAtODA5Ni00NmEzLTk5Y2EtNmVkMjBkNjFhNzdh 200
[debug] [2023-09-15T18:38:59.476Z] <<< [apiv2][body] GET https://firebase.googleapis.com/v1beta1/operations/workflows/MWUyNWFjNjAtODA5Ni00NmEzLTk5Y2EtNmVkMjBkNjFhNzdh {"name":"operations/workflows/MWUyNWFjNjAtODA5Ni00NmEzLTk5Y2EtNmVkMjBkNjFhNzdh"}
[debug] [2023-09-15T18:39:01.477Z] [Add Firebase Poller] Retrying task index 0
[debug] [2023-09-15T18:39:01.480Z] >>> [apiv2][query] GET https://firebase.googleapis.com/v1beta1/operations/workflows/MWUyNWFjNjAtODA5Ni00NmEzLTk5Y2EtNmVkMjBkNjFhNzdh [none]
[debug] [2023-09-15T18:39:02.418Z] <<< [apiv2][status] GET https://firebase.googleapis.com/v1beta1/operations/workflows/MWUyNWFjNjAtODA5Ni00NmEzLTk5Y2EtNmVkMjBkNjFhNzdh 200
[debug] [2023-09-15T18:39:02.419Z] <<< [apiv2][body] GET https://firebase.googleapis.com/v1beta1/operations/workflows/MWUyNWFjNjAtODA5Ni00NmEzLTk5Y2EtNmVkMjBkNjFhNzdh {"name":"operations/workflows/MWUyNWFjNjAtODA5Ni00NmEzLTk5Y2EtNmVkMjBkNjFhNzdh"}
[debug] [2023-09-15T18:39:06.419Z] [Add Firebase Poller] Retrying task index 0
[debug] [2023-09-15T18:39:06.419Z] >>> [apiv2][query] GET https://firebase.googleapis.com/v1beta1/operations/workflows/MWUyNWFjNjAtODA5Ni00NmEzLTk5Y2EtNmVkMjBkNjFhNzdh [none]
[debug] [2023-09-15T18:39:07.522Z] <<< [apiv2][status] GET https://firebase.googleapis.com/v1beta1/operations/workflows/MWUyNWFjNjAtODA5Ni00NmEzLTk5Y2EtNmVkMjBkNjFhNzdh 200
[debug] [2023-09-15T18:39:07.522Z] <<< [apiv2][body] GET https://firebase.googleapis.com/v1beta1/operations/workflows/MWUyNWFjNjAtODA5Ni00NmEzLTk5Y2EtNmVkMjBkNjFhNzdh {"name":"operations/workflows/MWUyNWFjNjAtODA5Ni00NmEzLTk5Y2EtNmVkMjBkNjFhNzdh","done":true,"response":{"@type":"type.googleapis.com/google.firebase.service.v1beta1.FirebaseProject","projectId":"rajseba","projectNumber":"8216042758","displayName":"Rajseba","name":"projects/rajseba","resources":{"hostingSite":"rajseba"}}}
[info] 
[info] === Your Firebase project is ready! ===
[info] 
[info] Project information:
[info]    - Project ID: rajseba
[info]    - Project Name: Rajseba
[info] 
[info] Firebase console is available at
[info] https://console.firebase.google.com/project/rajseba/overview
[info] i  Using project rajseba (Rajseba) 
[info] 
=== Hosting Setup
[info] 
[info] Your public directory is the folder (relative to your project directory) that
[info] will contain Hosting assets to be uploaded with firebase deploy. If you
[info] have a build process for your assets, use your build's output directory.
[info] 
[debug] [2023-09-15T18:40:12.928Z] >>> [apiv2][query] GET https://www.gstatic.com/firebasejs/releases.json [none]
[debug] [2023-09-15T18:40:13.172Z] <<< [apiv2][status] GET https://www.gstatic.com/firebasejs/releases.json 200
[debug] [2023-09-15T18:40:13.172Z] <<< [apiv2][body] GET https://www.gstatic.com/firebasejs/releases.json {"current":{"version":"10.4.0","browserURL":"https://www.gstatic.com/firebasejs/10.4.0/firebase.js","packageURL":"https://www.gstatic.com/firebasejs/10.4.0/firebase.tgz"},"live":{"version":"10.4","browserURL":"https://www.gstatic.com/firebasejs/live/10.4/firebase.js","packageURL":"https://www.gstatic.com/firebasejs/live/10.4/firebase.tgz"},"components":{"analytics":"https://www.gstatic.com/firebasejs/10.4.0/firebase-analytics.js","app":"https://www.gstatic.com/firebasejs/10.4.0/firebase-app.js","app-check":"https://www.gstatic.com/firebasejs/10.4.0/firebase-app-check.js","auth":"https://www.gstatic.com/firebasejs/10.4.0/firebase-auth.js","auth/cordova":"https://www.gstatic.com/firebasejs/10.4.0/firebase-auth/cordova.js","functions":"https://www.gstatic.com/firebasejs/10.4.0/firebase-functions.js","firestore":"https://www.gstatic.com/firebasejs/10.4.0/firebase-firestore.js","firestore/lite":"https://www.gstatic.com/firebasejs/10.4.0/firebase-firestore/lite.js","installations":"https://www.gstatic.com/firebasejs/10.4.0/firebase-installations.js","storage":"https://www.gstatic.com/firebasejs/10.4.0/firebase-storage.js","performance":"https://www.gstatic.com/firebasejs/10.4.0/firebase-performance.js","remote-config":"https://www.gstatic.com/firebasejs/10.4.0/firebase-remote-config.js","messaging":"https://www.gstatic.com/firebasejs/10.4.0/firebase-messaging.js","messaging/sw":"https://www.gstatic.com/firebasejs/10.4.0/firebase-messaging/sw.js","database":"https://www.gstatic.com/firebasejs/10.4.0/firebase-database.js","firestore.memory":"https://www.gstatic.com/firebasejs/10.4.0/firebase-firestore.memory.js"}}
[info] +  Wrote rajseba/index.html 
[info] 
[info] i  Detected a .git folder at E:\Arif Vai\React-Reloaded\rajseba 
[info] i  Authorizing with GitHub to upload your service account to a GitHub repository's secrets store. 
[info] 
[info] Visit this URL on this device to log in:
[info] https://github.com/login/oauth/authorize?client_id=89cf50f02ac6aaed3484&state=223385361&redirect_uri=http%3A%2F%2Flocalhost%3A9005&scope=read%3Auser%20repo%20public_repo
[info] 
[info] Waiting for authentication...
[debug] [2023-09-15T18:40:59.395Z] >>> [apiv2][query] POST https://github.com/login/oauth/access_token [none]
[debug] [2023-09-15T18:40:59.395Z] >>> [apiv2][body] POST https://github.com/login/oauth/access_token [stream]
[debug] [2023-09-15T18:40:59.898Z] <<< [apiv2][status] POST https://github.com/login/oauth/access_token 200
[debug] [2023-09-15T18:40:59.898Z] <<< [apiv2][body] POST https://github.com/login/oauth/access_token {"access_token":"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","token_type":"bearer","scope":"read:user,repo"}
[debug] [2023-09-15T18:40:59.908Z] >>> [apiv2][query] GET https://api.github.com/user [none]
[debug] [2023-09-15T18:41:00.486Z] <<< [apiv2][status] GET https://api.github.com/user 200
[debug] [2023-09-15T18:41:00.486Z] <<< [apiv2][body] GET https://api.github.com/user {"login":"jswebdevs","id":110349141,"node_id":"U_kgDOBpPLVQ","avatar_url":"https://avatars.githubusercontent.com/u/110349141?v=4","gravatar_id":"","url":"https://api.github.com/users/jswebdevs","html_url":"https://github.com/jswebdevs","followers_url":"https://api.github.com/users/jswebdevs/followers","following_url":"https://api.github.com/users/jswebdevs/following{/other_user}","gists_url":"https://api.github.com/users/jswebdevs/gists{/gist_id}","starred_url":"https://api.github.com/users/jswebdevs/starred{/owner}{/repo}","subscriptions_url":"https://api.github.com/users/jswebdevs/subscriptions","organizations_url":"https://api.github.com/users/jswebdevs/orgs","repos_url":"https://api.github.com/users/jswebdevs/repos","events_url":"https://api.github.com/users/jswebdevs/events{/privacy}","received_events_url":"https://api.github.com/users/jswebdevs/received_events","type":"User","site_admin":false,"name":"Md. Jamil Shikder","company":"Future Vision IT","blog":"","location":null,"email":null,"hireable":null,"bio":null,"twitter_username":null,"public_repos":6,"public_gists":0,"followers":0,"following":2,"created_at":"2022-07-31T17:21:48Z","updated_at":"2023-06-24T09:40:31Z","private_gists":0,"total_private_repos":0,"owned_private_repos":0,"disk_usage":82261,"collaborators":0,"two_factor_authentication":false,"plan":{"name":"free","space":976562499,"collaborators":0,"private_repos":10000}}
[info] 
[info] +  Success! Logged into GitHub as jswebdevs 
[info] 
